21 0.209401
28 0.117024
41 0.091868
66 0.0621787
107 0.0387785
124 0.0246257
150 0.0235255
156 0.0176012
182 0.0169917
188 0.0138598
214 0.0135543
220 0.012057
261 0.0100319
291 0.00756893
345 0.00602375
351 0.0054997
426 0.00394038
432 0.00362355
501 0.00270089
507 0.00251869
606 0.00176015
612 0.00164946
707 0.00119608
713 0.00113174
833 0.00078529
839 0.000746486
973 0.000518702
979 0.000495442
1127 0.000345422
1153 0.000318529
1299 0.000226724
1323 0.000210516
1469 0.000156152
1531 0.000133411
1688 9.78235e-05
1730 8.95626e-05
1953 6.22359e-05
1995 5.70876e-05
2210 4.01645e-05
2252 3.70054e-05
2491 2.55871e-05
2533 2.3621e-05
2770 1.65529e-05
2812 1.53494e-05
3075 1.08284e-05
