65 0.0946127
97 0.0600172
129 0.0385501
161 0.0254369
193 0.017723
225 0.0134895
257 0.0113807
369 0.00780005
469 0.00580759
617 0.00410815
753 0.00322766
981 0.00241444
1185 0.00197134
1661 0.00139219
2197 0.00101529
2849 0.000766396
3489 0.000627526
4377 0.000500841
5569 0.00039321
7449 0.00028961
9153 0.00023255
11453 0.000184209
14293 0.000148004
18361 0.000115966
23681 9.03235e-05
30513 6.9733e-05
37761 5.62786e-05
#46375 4.82672e-05
#55563 4.28951e-05
#65247 3.8986e-05
#69431 3.49826e-05
#76157 3.46286e-05
