133 0.0556297
208 0.0350479
283 0.0221011
358 0.0139625
433 0.00885976
508 0.0056818
583 0.00373419
658 0.00258199
733 0.00194387
808 0.00162251
997 0.00111613
1174 0.000833648
1444 0.00056476
1768 0.000380661
2080 0.00027658
2440 0.000206359
2806 0.000162391
3430 0.000116217
4093 8.7209e-05
4822 6.7613e-05
5749 4.96211e-05
6628 3.86199e-05
8002 2.79871e-05
9640 2.07978e-05
11029 1.67636e-05
13141 1.26642e-05
15739 9.54552e-06
18787 7.19701e-06
22618 5.33068e-06
26437 4.15272e-06
31342 3.175e-06
36847 2.46979e-06
44701 1.84061e-06
52903 1.429e-06
63865 1.07194e-06
75508 8.24746e-07
90325 6.21383e-07
